#
# There is insufficient memory for the Java Runtime Environment to continue.
# Native memory allocation (malloc) failed to allocate 1048576 bytes. Error detail: AllocateHeap
# Possible reasons:
#   The system is out of physical RAM or swap space
#   This process is running with CompressedOops enabled, and the Java Heap may be blocking the growth of the native heap
# Possible solutions:
#   Reduce memory load on the system
#   Increase physical memory or swap space
#   Check if swap backing store is full
#   Decrease Java heap size (-Xmx/-Xms)
#   Decrease number of Java threads
#   Decrease Java thread stack sizes (-Xss)
#   Set larger code cache with -XX:ReservedCodeCacheSize=
#   JVM is running with Unscaled Compressed Oops mode in which the Java heap is
#     placed in the first 4GB address space. The Java Heap base address is the
#     maximum limit for the native heap growth. Please use -XX:HeapBaseMinAddress
#     to set the Java Heap base and to place the Java Heap above 4GB virtual address.
# This output file may be truncated or incomplete.
#
#  Out of Memory Error (allocation.cpp:44), pid=18168, tid=24128
#
# JRE version: OpenJDK Runtime Environment Temurin-21.0.9+10 (21.0.9+10) (build 21.0.9+10-LTS)
# Java VM: OpenJDK 64-Bit Server VM Temurin-21.0.9+10 (21.0.9+10-LTS, mixed mode, sharing, tiered, compressed oops, compressed class ptrs, parallel gc, windows-amd64)
# No core dump will be written. Minidumps are not enabled by default on client versions of Windows
#

---------------  S U M M A R Y ------------

Command Line: --add-modules=ALL-SYSTEM --add-opens=java.base/java.util=ALL-UNNAMED --add-opens=java.base/java.lang=ALL-UNNAMED --add-opens=java.base/sun.nio.fs=ALL-UNNAMED -Declipse.application=org.eclipse.jdt.ls.core.id1 -Dosgi.bundles.defaultStartLevel=4 -Declipse.product=org.eclipse.jdt.ls.core.product -Djava.import.generatesMetadataFilesAtProjectRoot=false -DDetectVMInstallationsJob.disabled=true -Dfile.encoding=utf8 -XX:+UseParallelGC -XX:GCTimeRatio=4 -XX:AdaptiveSizePolicyWeight=90 -Dsun.zip.disableMemoryMapping=true -Xmx2G -Xms100m -Xlog:disable -javaagent:c:\Users\lucas\.trae\extensions\redhat.java-1.50.0-win32-x64\lombok\lombok-1.18.39-4050.jar -XX:+HeapDumpOnOutOfMemoryError -XX:HeapDumpPath=c:\Users\lucas\AppData\Roaming\Trae\User\workspaceStorage\eb99a0e48f21498f8cfae61c13452ea0\redhat.java -Daether.dependencyCollector.impl=bf c:\Users\lucas\.trae\extensions\redhat.java-1.50.0-win32-x64\server\plugins\org.eclipse.equinox.launcher_1.7.100.v20251111-0406.jar -configuration c:\Users\lucas\AppData\Roaming\Trae\User\globalStorage\redhat.java\1.50.0\config_win -data c:\Users\lucas\AppData\Roaming\Trae\User\workspaceStorage\eb99a0e48f21498f8cfae61c13452ea0\redhat.java\jdt_ws --pipe=\\.\pipe\lsp-4a192e2ddcb0d6ebb9abd08c459cf8dd-sock

Host: 11th Gen Intel(R) Core(TM) i7-1165G7 @ 2.80GHz, 8 cores, 15G,  Windows 11 , 64 bit Build 26100 (10.0.26100.6725)
Time: Mon Dec  1 12:56:24 2025 Hora oficial do Brasil elapsed time: 81998.590750 seconds (0d 22h 46m 38s)

---------------  T H R E A D  ---------------

Current thread (0x000001b3a265b260):  JavaThread "Attach Listener" daemon [_thread_in_vm, id=24128, stack(0x0000008db1b00000,0x0000008db1c00000) (1024K)]

Stack: [0x0000008db1b00000,0x0000008db1c00000]
Native frames: (J=compiled Java code, j=interpreted, Vv=VM code, C=native code)
V  [jvm.dll+0x6d6e29]
V  [jvm.dll+0x8b4b76]
V  [jvm.dll+0x8b712e]
V  [jvm.dll+0x8b7813]
V  [jvm.dll+0x283d86]
V  [jvm.dll+0xc1277]
V  [jvm.dll+0x6d76d9]
V  [jvm.dll+0x133466]
V  [jvm.dll+0x3f7ea6]
V  [jvm.dll+0x85e9ad]
V  [jvm.dll+0x6d565d]
C  [ucrtbase.dll+0x37b0]
C  [KERNEL32.DLL+0x2e8d7]
C  [ntdll.dll+0x8c53c]


---------------  P R O C E S S  ---------------

Threads class SMR info:
_java_thread_list=0x000001b3876025a0, length=35, elements={
0x000001b3a26dedf0, 0x000001b3a2656180, 0x000001b3a2657b60, 0x000001b3a265a610,
0x000001b3a265b260, 0x000001b3a265beb0, 0x000001b3a265e910, 0x000001b3a265f740,
0x000001b3a2677450, 0x000001b3841f6950, 0x000001b38426ed20, 0x000001b384dfdc30,
0x000001b384c45d00, 0x000001b384c45670, 0x000001b384c46390, 0x000001b384c46a20,
0x000001b384c470b0, 0x000001b384c47740, 0x000001b384c47dd0, 0x000001b386f0b8a0,
0x000001b386f0b210, 0x000001b386f0bf30, 0x000001b386f0cc50, 0x000001b386f0ab80,
0x000001b386f097d0, 0x000001b386f0a4f0, 0x000001b388b14460, 0x000001b388b15ea0,
0x000001b388b16bc0, 0x000001b388b14af0, 0x000001b388b13740, 0x000001b388b17250,
0x000001b388b15810, 0x000001b388b18600, 0x000001b38983a0d0
}

Java Threads: ( => current thread )
  0x000001b3a26dedf0 JavaThread "main"                              [_thread_blocked, id=5704, stack(0x0000008db1400000,0x0000008db1500000) (1024K)]
  0x000001b3a2656180 JavaThread "Reference Handler"          daemon [_thread_blocked, id=25952, stack(0x0000008db1800000,0x0000008db1900000) (1024K)]
  0x000001b3a2657b60 JavaThread "Finalizer"                  daemon [_thread_blocked, id=19216, stack(0x0000008db1900000,0x0000008db1a00000) (1024K)]
  0x000001b3a265a610 JavaThread "Signal Dispatcher"          daemon [_thread_blocked, id=2560, stack(0x0000008db1a00000,0x0000008db1b00000) (1024K)]
=>0x000001b3a265b260 JavaThread "Attach Listener"            daemon [_thread_in_vm, id=24128, stack(0x0000008db1b00000,0x0000008db1c00000) (1024K)]
  0x000001b3a265beb0 JavaThread "Service Thread"             daemon [_thread_blocked, id=24384, stack(0x0000008db1c00000,0x0000008db1d00000) (1024K)]
  0x000001b3a265e910 JavaThread "Monitor Deflation Thread"   daemon [_thread_blocked, id=23560, stack(0x0000008db1d00000,0x0000008db1e00000) (1024K)]
  0x000001b3a265f740 JavaThread "C2 CompilerThread0"         daemon [_thread_blocked, id=6880, stack(0x0000008db1e00000,0x0000008db1f00000) (1024K)]
  0x000001b3a2677450 JavaThread "C1 CompilerThread0"         daemon [_thread_blocked, id=24952, stack(0x0000008db1f00000,0x0000008db2000000) (1024K)]
  0x000001b3841f6950 JavaThread "Common-Cleaner"             daemon [_thread_blocked, id=19360, stack(0x0000008db2000000,0x0000008db2100000) (1024K)]
  0x000001b38426ed20 JavaThread "Notification Thread"        daemon [_thread_blocked, id=21164, stack(0x0000008db2100000,0x0000008db2200000) (1024K)]
  0x000001b384dfdc30 JavaThread "Active Thread: Equinox Container: 9bf5d809-5401-454f-bc03-6e30673aef65"        [_thread_blocked, id=18180, stack(0x0000008db2a00000,0x0000008db2b00000) (1024K)]
  0x000001b384c45d00 JavaThread "Refresh Thread: Equinox Container: 9bf5d809-5401-454f-bc03-6e30673aef65" daemon [_thread_blocked, id=9280, stack(0x0000008db2300000,0x0000008db2400000) (1024K)]
  0x000001b384c45670 JavaThread "Framework Event Dispatcher: Equinox Container: 9bf5d809-5401-454f-bc03-6e30673aef65" daemon [_thread_blocked, id=13828, stack(0x0000008db2c00000,0x0000008db2d00000) (1024K)]
  0x000001b384c46390 JavaThread "Start Level: Equinox Container: 9bf5d809-5401-454f-bc03-6e30673aef65" daemon [_thread_blocked, id=19476, stack(0x0000008db2d00000,0x0000008db2e00000) (1024K)]
  0x000001b384c46a20 JavaThread "Bundle File Closer"         daemon [_thread_blocked, id=25700, stack(0x0000008db2e00000,0x0000008db2f00000) (1024K)]
  0x000001b384c470b0 JavaThread "SCR Component Actor"        daemon [_thread_blocked, id=8004, stack(0x0000008db2f00000,0x0000008db3000000) (1024K)]
  0x000001b384c47740 JavaThread "Worker-JM"                         [_thread_blocked, id=9052, stack(0x0000008db3100000,0x0000008db3200000) (1024K)]
  0x000001b384c47dd0 JavaThread "JNA Cleaner"                daemon [_thread_blocked, id=17732, stack(0x0000008db2200000,0x0000008db2300000) (1024K)]
  0x000001b386f0b8a0 JavaThread "Java indexing"              daemon [_thread_blocked, id=22212, stack(0x0000008db3500000,0x0000008db3600000) (1024K)]
  0x000001b386f0b210 JavaThread "Thread-1"                   daemon [_thread_in_native, id=17476, stack(0x0000008db3a00000,0x0000008db3b00000) (1024K)]
  0x000001b386f0bf30 JavaThread "Thread-2"                   daemon [_thread_in_native, id=18272, stack(0x0000008db3b00000,0x0000008db3c00000) (1024K)]
  0x000001b386f0cc50 JavaThread "Thread-3"                   daemon [_thread_in_native, id=4696, stack(0x0000008db3c00000,0x0000008db3d00000) (1024K)]
  0x000001b386f0ab80 JavaThread "Thread-4"                   daemon [_thread_in_native, id=26516, stack(0x0000008db3d00000,0x0000008db3e00000) (1024K)]
  0x000001b386f097d0 JavaThread "Thread-5"                   daemon [_thread_in_native, id=10348, stack(0x0000008db3e00000,0x0000008db3f00000) (1024K)]
  0x000001b386f0a4f0 JavaThread "Thread-6"                   daemon [_thread_in_native, id=23232, stack(0x0000008db3f00000,0x0000008db4000000) (1024K)]
  0x000001b388b14460 JavaThread "Thread-7"                   daemon [_thread_in_native, id=14456, stack(0x0000008db4000000,0x0000008db4100000) (1024K)]
  0x000001b388b15ea0 JavaThread "Thread-8"                   daemon [_thread_in_native, id=20864, stack(0x0000008db4100000,0x0000008db4200000) (1024K)]
  0x000001b388b16bc0 JavaThread "Thread-9"                   daemon [_thread_in_native, id=17716, stack(0x0000008db4200000,0x0000008db4300000) (1024K)]
  0x000001b388b14af0 JavaThread "pool-2-thread-1"                   [_thread_blocked, id=3252, stack(0x0000008db4300000,0x0000008db4400000) (1024K)]
  0x000001b388b13740 JavaThread "WorkspaceEventsHandler"            [_thread_blocked, id=9900, stack(0x0000008db4400000,0x0000008db4500000) (1024K)]
  0x000001b388b17250 JavaThread "pool-1-thread-1"                   [_thread_blocked, id=26980, stack(0x0000008db4500000,0x0000008db4600000) (1024K)]
  0x000001b388b15810 JavaThread "Worker-4"                          [_thread_blocked, id=25996, stack(0x0000008db1200000,0x0000008db1300000) (1024K)]
  0x000001b388b18600 JavaThread "Cleaner-0"                  daemon [_thread_blocked, id=24232, stack(0x0000008db3800000,0x0000008db3900000) (1024K)]
  0x000001b38983a0d0 JavaThread "Worker-7"                          [_thread_blocked, id=28048, stack(0x0000008db3400000,0x0000008db3500000) (1024K)]
Total: 35

Other Threads:
  0x000001b3a277eb30 VMThread "VM Thread"                           [id=17720, stack(0x0000008db1700000,0x0000008db1800000) (1024K)]
  0x000001b3a274b1d0 WatcherThread "VM Periodic Task Thread"        [id=23876, stack(0x0000008db1600000,0x0000008db1700000) (1024K)]
  0x000001b3a26fe380 WorkerThread "GC Thread#0"                     [id=8376, stack(0x0000008db1500000,0x0000008db1600000) (1024K)]
  0x000001b3848e1c60 WorkerThread "GC Thread#1"                     [id=23900, stack(0x0000008db2400000,0x0000008db2500000) (1024K)]
  0x000001b38449f950 WorkerThread "GC Thread#2"                     [id=2208, stack(0x0000008db2500000,0x0000008db2600000) (1024K)]
  0x000001b38449fcf0 WorkerThread "GC Thread#3"                     [id=20632, stack(0x0000008db2600000,0x0000008db2700000) (1024K)]
  0x000001b3844a0090 WorkerThread "GC Thread#4"                     [id=8472, stack(0x0000008db2700000,0x0000008db2800000) (1024K)]
  0x000001b3844a0430 WorkerThread "GC Thread#5"                     [id=25244, stack(0x0000008db2800000,0x0000008db2900000) (1024K)]
  0x000001b3846dd330 WorkerThread "GC Thread#6"                     [id=17824, stack(0x0000008db2900000,0x0000008db2a00000) (1024K)]
  0x000001b384c88d50 WorkerThread "GC Thread#7"                     [id=21040, stack(0x0000008db2b00000,0x0000008db2c00000) (1024K)]
Total: 10

Threads with active compile tasks:
Total: 0

VM state: not at safepoint (normal execution)

VM Mutex/Monitor currently owned by a thread: None

Heap address: 0x0000000080000000, size: 2048 MB, Compressed Oops mode: 32-bit

CDS archive(s) mapped at: [0x000001b3b9000000-0x000001b3b9ba0000-0x000001b3b9ba0000), size 12189696, SharedBaseAddress: 0x000001b3b9000000, ArchiveRelocationMode: 1.
Compressed class space mapped at: 0x000001b3ba000000-0x000001b3fa000000, reserved size: 1073741824
Narrow klass base: 0x000001b3b9000000, Narrow klass shift: 0, Narrow klass range: 0x100000000

GC Precious Log:
 CardTable entry size: 512
 CPUs: 8 total, 8 available
 Memory: 16107M
 Large Page Support: Disabled
 NUMA Support: Disabled
 Compressed Oops: Enabled (32-bit)
 Alignments: Space 512K, Generation 512K, Heap 2M
 Heap Min Capacity: 100M
 Heap Initial Capacity: 100M
 Heap Max Capacity: 2G
 Pre-touch: Disabled
 Parallel Workers: 8

Heap:
 PSYoungGen      total 8704K, used 4070K [0x00000000d5580000, 0x00000000d6080000, 0x0000000100000000)
  eden space 7680K, 46% used [0x00000000d5580000,0x00000000d5900438,0x00000000d5d00000)
  from space 1024K, 47% used [0x00000000d5e80000,0x00000000d5ef9420,0x00000000d5f80000)
  to   space 1024K, 0% used [0x00000000d5f80000,0x00000000d5f80000,0x00000000d6080000)
 ParOldGen       total 296448K, used 295475K [0x0000000080000000, 0x0000000092180000, 0x00000000d5580000)
  object space 296448K, 99% used [0x0000000080000000,0x000000009208cc90,0x0000000092180000)
 Metaspace       used 69990K, committed 71680K, reserved 1114112K
  class space    used 7396K, committed 8128K, reserved 1048576K

Card table byte_map: [0x000001b3a2080000,0x000001b3a2490000] _byte_map_base: 0x000001b3a1c80000

Marking Bits: (ParMarkBitMap*) 0x00007ff9f50a2460
 Begin Bits: [0x000001b3b4b90000, 0x000001b3b6b90000)
 End Bits:   [0x000001b3b6b90000, 0x000001b3b8b90000)

Polling page: 0x000001b3a0230000

Metaspace:

Usage:
  Non-class:     61.13 MB used.
      Class:      7.22 MB used.
       Both:     68.35 MB used.

Virtual space:
  Non-class space:       64.00 MB reserved,      62.06 MB ( 97%) committed,  1 nodes.
      Class space:        1.00 GB reserved,       7.94 MB ( <1%) committed,  1 nodes.
             Both:        1.06 GB reserved,      70.00 MB (  6%) committed. 

Chunk freelists:
   Non-Class:  1.92 MB
       Class:  7.95 MB
        Both:  9.86 MB

MaxMetaspaceSize: unlimited
CompressedClassSpaceSize: 1.00 GB
Initial GC threshold: 21.00 MB
Current GC threshold: 97.31 MB
CDS: on
 - commit_granule_bytes: 65536.
 - commit_granule_words: 8192.
 - virtual_space_node_default_size: 8388608.
 - enlarge_chunks_in_place: 1.
 - use_allocation_guard: 0.


Internal statistics:

num_allocs_failed_limit: 9.
num_arena_births: 1340.
num_arena_deaths: 14.
num_vsnodes_births: 2.
num_vsnodes_deaths: 0.
num_space_committed: 1120.
num_space_uncommitted: 0.
num_chunks_returned_to_freelist: 23.
num_chunks_taken_from_freelist: 4646.
num_chunk_merges: 11.
num_chunk_splits: 2869.
num_chunks_enlarged: 1645.
num_inconsistent_stats: 0.

CodeHeap 'non-profiled nmethods': size=120000Kb used=9446Kb max_used=9446Kb free=110553Kb
 bounds [0x000001b3ad3b0000, 0x000001b3adcf0000, 0x000001b3b48e0000]
CodeHeap 'profiled nmethods': size=120000Kb used=26849Kb max_used=26849Kb free=93151Kb
 bounds [0x000001b3a58e0000, 0x000001b3a7320000, 0x000001b3ace10000]
CodeHeap 'non-nmethods': size=5760Kb used=1463Kb max_used=1553Kb free=4296Kb
 bounds [0x000001b3ace10000, 0x000001b3ad080000, 0x000001b3ad3b0000]
CodeCache: size=245760Kb, used=37758Kb, max_used=37848Kb, free=208000Kb
 total_blobs=12421, nmethods=11651, adapters=675, full_count=0
Compilation: enabled, stopped_count=0, restarted_count=0

Compilation events (20 events):
Event: 81043.748 Thread 0x000001b3a2677450 nmethod 12357 0x000001b3a7317910 code [0x000001b3a7317ac0, 0x000001b3a7317d80]
Event: 81043.748 Thread 0x000001b3a265f740 nmethod 12336 0x000001b3adce5390 code [0x000001b3adce5520, 0x000001b3adce5600]
Event: 81043.748 Thread 0x000001b3a265f740 12360       4       java.io.DataOutputStream::writeInt (28 bytes)
Event: 81043.748 Thread 0x000001b3a2677450 12361       3       org.eclipse.core.internal.localstore.SafeChunkyOutputStream::write (22 bytes)
Event: 81043.749 Thread 0x000001b3a2677450 nmethod 12361 0x000001b3a7317e90 code [0x000001b3a7318060, 0x000001b3a73182e0]
Event: 81043.749 Thread 0x000001b387e50480 12358       4       java.io.DataOutputStream::writeByte (14 bytes)
Event: 81043.756 Thread 0x000001b387e50480 nmethod 12358 0x000001b3adce5d90 code [0x000001b3adce5fe0, 0x000001b3adce6610]
Event: 81043.756 Thread 0x000001b387e50480 12359       4       java.io.DataOutputStream::incCount (20 bytes)
Event: 81043.756 Thread 0x000001b387e50480 nmethod 12359 0x000001b3adce6c90 code [0x000001b3adce6e20, 0x000001b3adce6ed0]
Event: 81043.756 Thread 0x000001b387e50480 12354       4       java.lang.invoke.DirectMethodHandle::rebind (5 bytes)
Event: 81043.757 Thread 0x000001b3a265f740 nmethod 12360 0x000001b3adce6f90 code [0x000001b3adce71c0, 0x000001b3adce7920]
Event: 81043.758 Thread 0x000001b387e50480 nmethod 12354 0x000001b3adce8090 code [0x000001b3adce8260, 0x000001b3adce8500]
Event: 81043.874 Thread 0x000001b3a2677450 12365       1       org.eclipse.core.internal.watson.ElementTree::getDataTree (5 bytes)
Event: 81043.874 Thread 0x000001b3a2677450 nmethod 12365 0x000001b3adce8c90 code [0x000001b3adce8e20, 0x000001b3adce8ee8]
Event: 81272.075 Thread 0x000001b3a265f740 12366       4       java.util.concurrent.locks.AbstractQueuedSynchronizer$Node::clearStatus (12 bytes)
Event: 81272.076 Thread 0x000001b3a265f740 nmethod 12366 0x000001b3adce8f90 code [0x000001b3adce9120, 0x000001b3adce91b0]
Event: 81370.148 Thread 0x000001b3a265f740 12367       4       java.lang.Long::hashCode (8 bytes)
Event: 81370.148 Thread 0x000001b3a265f740 nmethod 12367 0x000001b3adce9290 code [0x000001b3adce9420, 0x000001b3adce94b8]
Event: 81394.173 Thread 0x000001b3a265f740 12368   !   4       java.util.concurrent.locks.AbstractQueuedSynchronizer::tryInitializeHead (66 bytes)
Event: 81394.177 Thread 0x000001b3a265f740 nmethod 12368 0x000001b3adce9590 code [0x000001b3adce9720, 0x000001b3adce98d8]

GC Heap History (20 events):
Event: 80742.529 GC heap before
{Heap before GC invocations=259 (full 3):
 PSYoungGen      total 8192K, used 6988K [0x00000000d5580000, 0x00000000d5f00000, 0x0000000100000000)
  eden space 7680K, 86% used [0x00000000d5580000,0x00000000d5bfb310,0x00000000d5d00000)
  from space 512K, 68% used [0x00000000d5d00000,0x00000000d5d58000,0x00000000d5d80000)
  to   space 1024K, 0% used [0x00000000d5e00000,0x00000000d5e00000,0x00000000d5f00000)
 ParOldGen       total 255488K, used 255424K [0x0000000080000000, 0x000000008f980000, 0x00000000d5580000)
  object space 255488K, 99% used [0x0000000080000000,0x000000008f9701b8,0x000000008f980000)
 Metaspace       used 67702K, committed 69376K, reserved 1114112K
  class space    used 7128K, committed 7872K, reserved 1048576K
}
Event: 80742.530 GC heap after
{Heap after GC invocations=259 (full 3):
 PSYoungGen      total 8192K, used 160K [0x00000000d5580000, 0x00000000d5e80000, 0x0000000100000000)
  eden space 7680K, 0% used [0x00000000d5580000,0x00000000d5580000,0x00000000d5d00000)
  from space 512K, 31% used [0x00000000d5e00000,0x00000000d5e28000,0x00000000d5e80000)
  to   space 512K, 0% used [0x00000000d5d00000,0x00000000d5d00000,0x00000000d5d80000)
 ParOldGen       total 256000K, used 255512K [0x0000000080000000, 0x000000008fa00000, 0x00000000d5580000)
  object space 256000K, 99% used [0x0000000080000000,0x000000008f9861b8,0x000000008fa00000)
 Metaspace       used 67702K, committed 69376K, reserved 1114112K
  class space    used 7128K, committed 7872K, reserved 1048576K
}
Event: 80742.536 GC heap before
{Heap before GC invocations=260 (full 3):
 PSYoungGen      total 8192K, used 6573K [0x00000000d5580000, 0x00000000d5e80000, 0x0000000100000000)
  eden space 7680K, 83% used [0x00000000d5580000,0x00000000d5bc3608,0x00000000d5d00000)
  from space 512K, 31% used [0x00000000d5e00000,0x00000000d5e28000,0x00000000d5e80000)
  to   space 512K, 0% used [0x00000000d5d00000,0x00000000d5d00000,0x00000000d5d80000)
 ParOldGen       total 256000K, used 255512K [0x0000000080000000, 0x000000008fa00000, 0x00000000d5580000)
  object space 256000K, 99% used [0x0000000080000000,0x000000008f9861b8,0x000000008fa00000)
 Metaspace       used 67707K, committed 69376K, reserved 1114112K
  class space    used 7128K, committed 7872K, reserved 1048576K
}
Event: 80742.537 GC heap after
{Heap after GC invocations=260 (full 3):
 PSYoungGen      total 8192K, used 428K [0x00000000d5580000, 0x00000000d5e80000, 0x0000000100000000)
  eden space 7680K, 0% used [0x00000000d5580000,0x00000000d5580000,0x00000000d5d00000)
  from space 512K, 83% used [0x00000000d5d00000,0x00000000d5d6b1e0,0x00000000d5d80000)
  to   space 512K, 0% used [0x00000000d5e00000,0x00000000d5e00000,0x00000000d5e80000)
 ParOldGen       total 259072K, used 258536K [0x0000000080000000, 0x000000008fd00000, 0x00000000d5580000)
  object space 259072K, 99% used [0x0000000080000000,0x000000008fc7a0d8,0x000000008fd00000)
 Metaspace       used 67707K, committed 69376K, reserved 1114112K
  class space    used 7128K, committed 7872K, reserved 1048576K
}
Event: 80742.542 GC heap before
{Heap before GC invocations=261 (full 3):
 PSYoungGen      total 8192K, used 8108K [0x00000000d5580000, 0x00000000d5e80000, 0x0000000100000000)
  eden space 7680K, 100% used [0x00000000d5580000,0x00000000d5d00000,0x00000000d5d00000)
  from space 512K, 83% used [0x00000000d5d00000,0x00000000d5d6b1e0,0x00000000d5d80000)
  to   space 512K, 0% used [0x00000000d5e00000,0x00000000d5e00000,0x00000000d5e80000)
 ParOldGen       total 259072K, used 258536K [0x0000000080000000, 0x000000008fd00000, 0x00000000d5580000)
  object space 259072K, 99% used [0x0000000080000000,0x000000008fc7a0d8,0x000000008fd00000)
 Metaspace       used 67707K, committed 69376K, reserved 1114112K
  class space    used 7128K, committed 7872K, reserved 1048576K
}
Event: 80742.543 GC heap after
{Heap after GC invocations=261 (full 3):
 PSYoungGen      total 8192K, used 384K [0x00000000d5580000, 0x00000000d5e80000, 0x0000000100000000)
  eden space 7680K, 0% used [0x00000000d5580000,0x00000000d5580000,0x00000000d5d00000)
  from space 512K, 75% used [0x00000000d5e00000,0x00000000d5e60000,0x00000000d5e80000)
  to   space 512K, 0% used [0x00000000d5d00000,0x00000000d5d00000,0x00000000d5d80000)
 ParOldGen       total 260608K, used 260096K [0x0000000080000000, 0x000000008fe80000, 0x00000000d5580000)
  object space 260608K, 99% used [0x0000000080000000,0x000000008fe00068,0x000000008fe80000)
 Metaspace       used 67707K, committed 69376K, reserved 1114112K
  class space    used 7128K, committed 7872K, reserved 1048576K
}
Event: 80742.551 GC heap before
{Heap before GC invocations=262 (full 3):
 PSYoungGen      total 8192K, used 8012K [0x00000000d5580000, 0x00000000d5e80000, 0x0000000100000000)
  eden space 7680K, 99% used [0x00000000d5580000,0x00000000d5cf3050,0x00000000d5d00000)
  from space 512K, 75% used [0x00000000d5e00000,0x00000000d5e60000,0x00000000d5e80000)
  to   space 512K, 0% used [0x00000000d5d00000,0x00000000d5d00000,0x00000000d5d80000)
 ParOldGen       total 260608K, used 260096K [0x0000000080000000, 0x000000008fe80000, 0x00000000d5580000)
  object space 260608K, 99% used [0x0000000080000000,0x000000008fe00068,0x000000008fe80000)
 Metaspace       used 67713K, committed 69376K, reserved 1114112K
  class space    used 7128K, committed 7872K, reserved 1048576K
}
Event: 80742.553 GC heap after
{Heap after GC invocations=262 (full 3):
 PSYoungGen      total 8192K, used 495K [0x00000000d5580000, 0x00000000d6400000, 0x0000000100000000)
  eden space 7680K, 0% used [0x00000000d5580000,0x00000000d5580000,0x00000000d5d00000)
  from space 512K, 96% used [0x00000000d5d00000,0x00000000d5d7bc40,0x00000000d5d80000)
  to   space 3584K, 0% used [0x00000000d6080000,0x00000000d6080000,0x00000000d6400000)
 ParOldGen       total 262656K, used 262401K [0x0000000080000000, 0x0000000090080000, 0x00000000d5580000)
  object space 262656K, 99% used [0x0000000080000000,0x00000000900404e8,0x0000000090080000)
 Metaspace       used 67713K, committed 69376K, reserved 1114112K
  class space    used 7128K, committed 7872K, reserved 1048576K
}
Event: 80742.578 GC heap before
{Heap before GC invocations=263 (full 3):
 PSYoungGen      total 8192K, used 8175K [0x00000000d5580000, 0x00000000d6400000, 0x0000000100000000)
  eden space 7680K, 100% used [0x00000000d5580000,0x00000000d5d00000,0x00000000d5d00000)
  from space 512K, 96% used [0x00000000d5d00000,0x00000000d5d7bc40,0x00000000d5d80000)
  to   space 3584K, 0% used [0x00000000d6080000,0x00000000d6080000,0x00000000d6400000)
 ParOldGen       total 262656K, used 262401K [0x0000000080000000, 0x0000000090080000, 0x00000000d5580000)
  object space 262656K, 99% used [0x0000000080000000,0x00000000900404e8,0x0000000090080000)
 Metaspace       used 67720K, committed 69376K, reserved 1114112K
  class space    used 7128K, committed 7872K, reserved 1048576K
}
Event: 80742.579 GC heap after
{Heap after GC invocations=263 (full 3):
 PSYoungGen      total 8192K, used 288K [0x00000000d5580000, 0x00000000d6100000, 0x0000000100000000)
  eden space 7680K, 0% used [0x00000000d5580000,0x00000000d5580000,0x00000000d5d00000)
  from space 512K, 56% used [0x00000000d6080000,0x00000000d60c8000,0x00000000d6100000)
  to   space 1536K, 0% used [0x00000000d5e00000,0x00000000d5e00000,0x00000000d5f80000)
 ParOldGen       total 263168K, used 262809K [0x0000000080000000, 0x0000000090100000, 0x00000000d5580000)
  object space 263168K, 99% used [0x0000000080000000,0x00000000900a64e8,0x0000000090100000)
 Metaspace       used 67720K, committed 69376K, reserved 1114112K
  class space    used 7128K, committed 7872K, reserved 1048576K
}
Event: 80743.816 GC heap before
{Heap before GC invocations=264 (full 3):
 PSYoungGen      total 8192K, used 7968K [0x00000000d5580000, 0x00000000d6100000, 0x0000000100000000)
  eden space 7680K, 100% used [0x00000000d5580000,0x00000000d5d00000,0x00000000d5d00000)
  from space 512K, 56% used [0x00000000d6080000,0x00000000d60c8000,0x00000000d6100000)
  to   space 1536K, 0% used [0x00000000d5e00000,0x00000000d5e00000,0x00000000d5f80000)
 ParOldGen       total 263168K, used 262809K [0x0000000080000000, 0x0000000090100000, 0x00000000d5580000)
  object space 263168K, 99% used [0x0000000080000000,0x00000000900a64e8,0x0000000090100000)
 Metaspace       used 68144K, committed 69696K, reserved 1114112K
  class space    used 7178K, committed 7872K, reserved 1048576K
}
Event: 80743.818 GC heap after
{Heap after GC invocations=264 (full 3):
 PSYoungGen      total 9216K, used 607K [0x00000000d5580000, 0x00000000d6100000, 0x0000000100000000)
  eden space 7680K, 0% used [0x00000000d5580000,0x00000000d5580000,0x00000000d5d00000)
  from space 1536K, 39% used [0x00000000d5e00000,0x00000000d5e97d08,0x00000000d5f80000)
  to   space 1024K, 0% used [0x00000000d6000000,0x00000000d6000000,0x00000000d6100000)
 ParOldGen       total 263168K, used 262969K [0x0000000080000000, 0x0000000090100000, 0x00000000d5580000)
  object space 263168K, 99% used [0x0000000080000000,0x00000000900ce4e8,0x0000000090100000)
 Metaspace       used 68144K, committed 69696K, reserved 1114112K
  class space    used 7178K, committed 7872K, reserved 1048576K
}
Event: 80744.137 GC heap before
{Heap before GC invocations=265 (full 3):
 PSYoungGen      total 9216K, used 8287K [0x00000000d5580000, 0x00000000d6100000, 0x0000000100000000)
  eden space 7680K, 100% used [0x00000000d5580000,0x00000000d5d00000,0x00000000d5d00000)
  from space 1536K, 39% used [0x00000000d5e00000,0x00000000d5e97d08,0x00000000d5f80000)
  to   space 1024K, 0% used [0x00000000d6000000,0x00000000d6000000,0x00000000d6100000)
 ParOldGen       total 263168K, used 262969K [0x0000000080000000, 0x0000000090100000, 0x00000000d5580000)
  object space 263168K, 99% used [0x0000000080000000,0x00000000900ce4e8,0x0000000090100000)
 Metaspace       used 68685K, committed 70272K, reserved 1114112K
  class space    used 7249K, committed 8000K, reserved 1048576K
}
Event: 80744.138 GC heap after
{Heap after GC invocations=265 (full 3):
 PSYoungGen      total 8704K, used 912K [0x00000000d5580000, 0x00000000d6100000, 0x0000000100000000)
  eden space 7680K, 0% used [0x00000000d5580000,0x00000000d5580000,0x00000000d5d00000)
  from space 1024K, 89% used [0x00000000d6000000,0x00000000d60e4030,0x00000000d6100000)
  to   space 1024K, 0% used [0x00000000d5f00000,0x00000000d5f00000,0x00000000d6000000)
 ParOldGen       total 263680K, used 263177K [0x0000000080000000, 0x0000000090180000, 0x00000000d5580000)
  object space 263680K, 99% used [0x0000000080000000,0x00000000901024f8,0x0000000090180000)
 Metaspace       used 68685K, committed 70272K, reserved 1114112K
  class space    used 7249K, committed 8000K, reserved 1048576K
}
Event: 80744.575 GC heap before
{Heap before GC invocations=266 (full 3):
 PSYoungGen      total 8704K, used 8592K [0x00000000d5580000, 0x00000000d6100000, 0x0000000100000000)
  eden space 7680K, 100% used [0x00000000d5580000,0x00000000d5d00000,0x00000000d5d00000)
  from space 1024K, 89% used [0x00000000d6000000,0x00000000d60e4030,0x00000000d6100000)
  to   space 1024K, 0% used [0x00000000d5f00000,0x00000000d5f00000,0x00000000d6000000)
 ParOldGen       total 263680K, used 263177K [0x0000000080000000, 0x0000000090180000, 0x00000000d5580000)
  object space 263680K, 99% used [0x0000000080000000,0x00000000901024f8,0x0000000090180000)
 Metaspace       used 68957K, committed 70592K, reserved 1114112K
  class space    used 7287K, committed 8000K, reserved 1048576K
}
Event: 80744.576 GC heap after
{Heap after GC invocations=266 (full 3):
 PSYoungGen      total 8704K, used 1024K [0x00000000d5580000, 0x00000000d6100000, 0x0000000100000000)
  eden space 7680K, 0% used [0x00000000d5580000,0x00000000d5580000,0x00000000d5d00000)
  from space 1024K, 100% used [0x00000000d5f00000,0x00000000d6000000,0x00000000d6000000)
  to   space 1024K, 0% used [0x00000000d6000000,0x00000000d6000000,0x00000000d6100000)
 ParOldGen       total 264192K, used 263789K [0x0000000080000000, 0x0000000090200000, 0x00000000d5580000)
  object space 264192K, 99% used [0x0000000080000000,0x000000009019b538,0x0000000090200000)
 Metaspace       used 68957K, committed 70592K, reserved 1114112K
  class space    used 7287K, committed 8000K, reserved 1048576K
}
Event: 80744.774 GC heap before
{Heap before GC invocations=267 (full 3):
 PSYoungGen      total 8704K, used 8704K [0x00000000d5580000, 0x00000000d6100000, 0x0000000100000000)
  eden space 7680K, 100% used [0x00000000d5580000,0x00000000d5d00000,0x00000000d5d00000)
  from space 1024K, 100% used [0x00000000d5f00000,0x00000000d6000000,0x00000000d6000000)
  to   space 1024K, 0% used [0x00000000d6000000,0x00000000d6000000,0x00000000d6100000)
 ParOldGen       total 264192K, used 263789K [0x0000000080000000, 0x0000000090200000, 0x00000000d5580000)
  object space 264192K, 99% used [0x0000000080000000,0x000000009019b538,0x0000000090200000)
 Metaspace       used 69097K, committed 70784K, reserved 1114112K
  class space    used 7305K, committed 8064K, reserved 1048576K
}
Event: 80744.775 GC heap after
{Heap after GC invocations=267 (full 3):
 PSYoungGen      total 8192K, used 512K [0x00000000d5580000, 0x00000000d6080000, 0x0000000100000000)
  eden space 7680K, 0% used [0x00000000d5580000,0x00000000d5580000,0x00000000d5d00000)
  from space 512K, 100% used [0x00000000d6000000,0x00000000d6080000,0x00000000d6080000)
  to   space 1024K, 0% used [0x00000000d5e80000,0x00000000d5e80000,0x00000000d5f80000)
 ParOldGen       total 264704K, used 264373K [0x0000000080000000, 0x0000000090280000, 0x00000000d5580000)
  object space 264704K, 99% used [0x0000000080000000,0x000000009022d538,0x0000000090280000)
 Metaspace       used 69097K, committed 70784K, reserved 1114112K
  class space    used 7305K, committed 8064K, reserved 1048576K
}
Event: 80744.895 GC heap before
{Heap before GC invocations=268 (full 3):
 PSYoungGen      total 8192K, used 8192K [0x00000000d5580000, 0x00000000d6080000, 0x0000000100000000)
  eden space 7680K, 100% used [0x00000000d5580000,0x00000000d5d00000,0x00000000d5d00000)
  from space 512K, 100% used [0x00000000d6000000,0x00000000d6080000,0x00000000d6080000)
  to   space 1024K, 0% used [0x00000000d5e80000,0x00000000d5e80000,0x00000000d5f80000)
 ParOldGen       total 296448K, used 295093K [0x0000000080000000, 0x0000000092180000, 0x00000000d5580000)
  object space 296448K, 99% used [0x0000000080000000,0x000000009202d568,0x0000000092180000)
 Metaspace       used 69688K, committed 71360K, reserved 1114112K
  class space    used 7367K, committed 8128K, reserved 1048576K
}
Event: 80744.896 GC heap after
{Heap after GC invocations=268 (full 3):
 PSYoungGen      total 8704K, used 485K [0x00000000d5580000, 0x00000000d6080000, 0x0000000100000000)
  eden space 7680K, 0% used [0x00000000d5580000,0x00000000d5580000,0x00000000d5d00000)
  from space 1024K, 47% used [0x00000000d5e80000,0x00000000d5ef9420,0x00000000d5f80000)
  to   space 1024K, 0% used [0x00000000d5f80000,0x00000000d5f80000,0x00000000d6080000)
 ParOldGen       total 296448K, used 295475K [0x0000000080000000, 0x0000000092180000, 0x00000000d5580000)
  object space 296448K, 99% used [0x0000000080000000,0x000000009208cc90,0x0000000092180000)
 Metaspace       used 69688K, committed 71360K, reserved 1114112K
  class space    used 7367K, committed 8128K, reserved 1048576K
}

Dll operation events (10 events):
Event: 0.013 Loaded shared library c:\Users\lucas\.trae\extensions\redhat.java-1.50.0-win32-x64\jre\21.0.9-win32-x86_64\bin\java.dll
Event: 0.073 Loaded shared library c:\Users\lucas\.trae\extensions\redhat.java-1.50.0-win32-x64\jre\21.0.9-win32-x86_64\bin\zip.dll
Event: 0.093 Loaded shared library C:\Users\lucas\.trae\extensions\redhat.java-1.50.0-win32-x64\jre\21.0.9-win32-x86_64\bin\instrument.dll
Event: 0.098 Loaded shared library C:\Users\lucas\.trae\extensions\redhat.java-1.50.0-win32-x64\jre\21.0.9-win32-x86_64\bin\net.dll
Event: 0.100 Loaded shared library C:\Users\lucas\.trae\extensions\redhat.java-1.50.0-win32-x64\jre\21.0.9-win32-x86_64\bin\nio.dll
Event: 0.103 Loaded shared library C:\Users\lucas\.trae\extensions\redhat.java-1.50.0-win32-x64\jre\21.0.9-win32-x86_64\bin\zip.dll
Event: 0.122 Loaded shared library C:\Users\lucas\.trae\extensions\redhat.java-1.50.0-win32-x64\jre\21.0.9-win32-x86_64\bin\jimage.dll
Event: 0.190 Loaded shared library c:\Users\lucas\.trae\extensions\redhat.java-1.50.0-win32-x64\jre\21.0.9-win32-x86_64\bin\verify.dll
Event: 1.847 Loaded shared library C:\Users\lucas\AppData\Roaming\Trae\User\globalStorage\redhat.java\1.50.0\config_win\org.eclipse.equinox.launcher\org.eclipse.equinox.launcher.win32.win32.x86_64_1.2.1400.v20250801-0854\eclipse_11916.dll
Event: 5.969 Loaded shared library C:\Users\lucas\AppData\Local\Temp\jna-103324076\jna8410362772026112059.dll

Deoptimization events (20 events):
Event: 81043.748 Thread 0x000001b38983a0d0 Uncommon trap: trap_request=0xffffffde fr.pc=0x000001b3ad97015c relative=0x000000000000031c
Event: 81043.748 Thread 0x000001b38983a0d0 Uncommon trap: reason=class_check action=maybe_recompile pc=0x000001b3ad97015c method=java.io.DataOutputStream.writeByte(I)V @ 5 c2
Event: 81043.748 Thread 0x000001b38983a0d0 DEOPT PACKING pc=0x000001b3ad97015c sp=0x0000008db34fee60
Event: 81043.748 Thread 0x000001b38983a0d0 DEOPT UNPACKING pc=0x000001b3ace66da2 sp=0x0000008db34fee18 mode 2
Event: 81043.748 Thread 0x000001b38983a0d0 Uncommon trap: trap_request=0xffffffde fr.pc=0x000001b3ad97015c relative=0x000000000000031c
Event: 81043.748 Thread 0x000001b38983a0d0 Uncommon trap: reason=class_check action=maybe_recompile pc=0x000001b3ad97015c method=java.io.DataOutputStream.writeByte(I)V @ 5 c2
Event: 81043.748 Thread 0x000001b38983a0d0 DEOPT PACKING pc=0x000001b3ad97015c sp=0x0000008db34fee60
Event: 81043.748 Thread 0x000001b38983a0d0 DEOPT UNPACKING pc=0x000001b3ace66da2 sp=0x0000008db34fee18 mode 2
Event: 81043.748 Thread 0x000001b38983a0d0 Uncommon trap: trap_request=0xffffffde fr.pc=0x000001b3ad972464 relative=0x0000000000000424
Event: 81043.748 Thread 0x000001b38983a0d0 Uncommon trap: reason=class_check action=maybe_recompile pc=0x000001b3ad972464 method=java.io.DataOutputStream.writeInt(I)V @ 19 c2
Event: 81043.748 Thread 0x000001b38983a0d0 DEOPT PACKING pc=0x000001b3ad972464 sp=0x0000008db34febb0
Event: 81043.748 Thread 0x000001b38983a0d0 DEOPT UNPACKING pc=0x000001b3ace66da2 sp=0x0000008db34feb58 mode 2
Event: 81043.763 Thread 0x000001b38983a0d0 Uncommon trap: trap_request=0xffffffc6 fr.pc=0x000001b3ada13b2c relative=0x00000000000038cc
Event: 81043.763 Thread 0x000001b38983a0d0 Uncommon trap: reason=bimorphic_or_optimized_type_check action=maybe_recompile pc=0x000001b3ada13b2c method=java.util.Properties.load0(Ljava/util/Properties$LineReader;)V @ 241 c2
Event: 81043.763 Thread 0x000001b38983a0d0 DEOPT PACKING pc=0x000001b3ada13b2c sp=0x0000008db34feed0
Event: 81043.763 Thread 0x000001b38983a0d0 DEOPT UNPACKING pc=0x000001b3ace66da2 sp=0x0000008db34feed0 mode 2
Event: 81043.763 Thread 0x000001b38983a0d0 Uncommon trap: trap_request=0xffffffc6 fr.pc=0x000001b3ad92dfd8 relative=0x0000000000005078
Event: 81043.763 Thread 0x000001b38983a0d0 Uncommon trap: reason=bimorphic_or_optimized_type_check action=maybe_recompile pc=0x000001b3ad92dfd8 method=java.util.Properties.load0(Ljava/util/Properties$LineReader;)V @ 241 c2
Event: 81043.763 Thread 0x000001b38983a0d0 DEOPT PACKING pc=0x000001b3ad92dfd8 sp=0x0000008db34feeb0
Event: 81043.763 Thread 0x000001b38983a0d0 DEOPT UNPACKING pc=0x000001b3ace66da2 sp=0x0000008db34feed0 mode 2

Classes loaded (20 events):
Event: 80744.837 Loading class java/nio/BufferMismatch
Event: 80744.837 Loading class java/nio/BufferMismatch done
Event: 80744.838 Loading class java/nio/file/attribute/PosixFileAttributes
Event: 80744.838 Loading class java/nio/file/attribute/PosixFileAttributes done
Event: 81043.681 Loading class java/util/stream/Nodes$CollectorTask$OfRef
Event: 81043.691 Loading class java/util/stream/Nodes$CollectorTask
Event: 81043.692 Loading class java/util/stream/Nodes$CollectorTask done
Event: 81043.692 Loading class java/util/stream/Nodes$CollectorTask$OfRef done
Event: 81043.696 Loading class java/util/function/LongFunction
Event: 81043.697 Loading class java/util/function/LongFunction done
Event: 81043.697 Loading class java/util/stream/Nodes$ConcNode
Event: 81043.697 Loading class java/util/stream/Nodes$AbstractConcNode
Event: 81043.698 Loading class java/util/stream/Nodes$AbstractConcNode done
Event: 81043.698 Loading class java/util/stream/Nodes$ConcNode done
Event: 81043.718 Loading class java/io/ObjectOutputStream$BlockDataOutputStream
Event: 81043.719 Loading class java/io/ObjectOutputStream$BlockDataOutputStream done
Event: 81043.719 Loading class java/io/ObjectOutputStream$HandleTable
Event: 81043.719 Loading class java/io/ObjectOutputStream$HandleTable done
Event: 81043.719 Loading class java/io/ObjectOutputStream$ReplaceTable
Event: 81043.719 Loading class java/io/ObjectOutputStream$ReplaceTable done

Classes unloaded (7 events):
Event: 6.378 Thread 0x000001b3a277eb30 Unloading class 0x000001b3ba1ac800 'java/lang/invoke/LambdaForm$MH+0x000001b3ba1ac800'
Event: 6.378 Thread 0x000001b3a277eb30 Unloading class 0x000001b3ba1ac400 'java/lang/invoke/LambdaForm$MH+0x000001b3ba1ac400'
Event: 6.378 Thread 0x000001b3a277eb30 Unloading class 0x000001b3ba1ac000 'java/lang/invoke/LambdaForm$MH+0x000001b3ba1ac000'
Event: 6.378 Thread 0x000001b3a277eb30 Unloading class 0x000001b3ba1abc00 'java/lang/invoke/LambdaForm$MH+0x000001b3ba1abc00'
Event: 6.378 Thread 0x000001b3a277eb30 Unloading class 0x000001b3ba1ab800 'java/lang/invoke/LambdaForm$BMH+0x000001b3ba1ab800'
Event: 6.378 Thread 0x000001b3a277eb30 Unloading class 0x000001b3ba1ab400 'java/lang/invoke/LambdaForm$DMH+0x000001b3ba1ab400'
Event: 6.378 Thread 0x000001b3a277eb30 Unloading class 0x000001b3ba1aa000 'java/lang/invoke/LambdaForm$DMH+0x000001b3ba1aa000'

Classes redefined (0 events):
No events

Internal exceptions (20 events):
Event: 80742.586 Thread 0x000001b389838d20 Exception <a 'sun/nio/fs/WindowsException'{0x00000000d58b5cb8}> (0x00000000d58b5cb8) 
thrown [s\src\hotspot\share\prims\jni.cpp, line 520]
Event: 80742.586 Thread 0x000001b389838d20 Exception <a 'sun/nio/fs/WindowsException'{0x00000000d58b6598}> (0x00000000d58b6598) 
thrown [s\src\hotspot\share\prims\jni.cpp, line 520]
Event: 80743.588 Thread 0x000001b388b13740 Exception <a 'sun/nio/fs/WindowsException'{0x00000000d5948a70}> (0x00000000d5948a70) 
thrown [s\src\hotspot\share\prims\jni.cpp, line 520]
Event: 80743.588 Thread 0x000001b388b13740 Exception <a 'sun/nio/fs/WindowsException'{0x00000000d59495b8}> (0x00000000d59495b8) 
thrown [s\src\hotspot\share\prims\jni.cpp, line 520]
Event: 80743.597 Thread 0x000001b388b13740 Exception <a 'java/lang/NoSuchMethodError'{0x00000000d598f060}: 'java.lang.Object java.lang.invoke.DirectMethodHandle$Holder.invokeStatic(java.lang.Object, java.lang.Object, int, java.lang.Object)'> (0x00000000d598f060) 
thrown [s\src\hotspot\share\interpreter\linkResolver.cpp, line 773]
Event: 80743.597 Thread 0x000001b388b13740 Exception <a 'java/lang/NoSuchMethodError'{0x00000000d59961b8}: 'java.lang.Object java.lang.invoke.DirectMethodHandle$Holder.newInvokeSpecial(java.lang.Object, java.lang.Object, int)'> (0x00000000d59961b8) 
thrown [s\src\hotspot\share\interpreter\linkResolver.cpp, line 773]
Event: 80743.898 Thread 0x000001b3898372e0 Exception <a 'java/lang/NoSuchMethodError'{0x00000000d58dbb18}: 'java.lang.Object java.lang.invoke.DirectMethodHandle$Holder.newInvokeSpecial(java.lang.Object, java.lang.Object, int, java.lang.Object, java.lang.Object)'> (0x00000000d58dbb18) 
thrown [s\src\hotspot\share\interpreter\linkResolver.cpp, line 773]
Event: 80743.898 Thread 0x000001b3898372e0 Exception <a 'java/lang/NoSuchMethodError'{0x00000000d58df820}: 'java.lang.Object java.lang.invoke.Invokers$Holder.linkToTargetMethod(java.lang.Object, int, java.lang.Object, java.lang.Object, java.lang.Object)'> (0x00000000d58df820) 
thrown [s\src\hotspot\share\interpreter\linkResolver.cpp, line 773]
Event: 80743.905 Thread 0x000001b3898372e0 Exception <a 'java/lang/NoSuchMethodError'{0x00000000d58f7008}: 'java.lang.Object java.lang.invoke.DirectMethodHandle$Holder.invokeSpecial(java.lang.Object, java.lang.Object, java.lang.Object, int, java.lang.Object, java.lang.Object, java.lang.Object)'> (0x00000000d58f7008) 
thrown [s\src\hotspot\share\interpreter\linkResolver.cpp, line 773]
Event: 80743.907 Thread 0x000001b3898372e0 Exception <a 'java/lang/NoSuchMethodError'{0x00000000d58ff110}: 'java.lang.Object java.lang.invoke.DirectMethodHandle$Holder.invokeStatic(java.lang.Object, java.lang.Object, int, java.lang.Object, java.lang.Object)'> (0x00000000d58ff110) 
thrown [s\src\hotspot\share\interpreter\linkResolver.cpp, line 773]
Event: 80743.925 Thread 0x000001b3898372e0 Exception <a 'java/lang/NoSuchMethodError'{0x00000000d597f6c0}: 'void java.lang.invoke.DirectMethodHandle$Holder.invokeStatic(java.lang.Object, int)'> (0x00000000d597f6c0) 
thrown [s\src\hotspot\share\interpreter\linkResolver.cpp, line 773]
Event: 80744.496 Thread 0x000001b3898372e0 Exception <a 'java/io/FileNotFoundException'{0x00000000d58e5490}> (0x00000000d58e5490) 
thrown [s\src\hotspot\share\prims\jni.cpp, line 520]
Event: 80744.496 Thread 0x000001b3898372e0 Exception <a 'java/io/FileNotFoundException'{0x00000000d58e6760}> (0x00000000d58e6760) 
thrown [s\src\hotspot\share\prims\jni.cpp, line 520]
Event: 80744.496 Thread 0x000001b3898372e0 Exception <a 'java/io/FileNotFoundException'{0x00000000d58e7790}> (0x00000000d58e7790) 
thrown [s\src\hotspot\share\prims\jni.cpp, line 520]
Event: 80744.680 Thread 0x000001b3898372e0 Implicit null exception at 0x000001b3ad6d88f3 to 0x000001b3ad6d9834
Event: 81043.713 Thread 0x000001b38983a0d0 Exception <a 'sun/nio/fs/WindowsException'{0x00000000d57fd2f8}> (0x00000000d57fd2f8) 
thrown [s\src\hotspot\share\prims\jni.cpp, line 520]
Event: 81043.713 Thread 0x000001b38983a0d0 Exception <a 'sun/nio/fs/WindowsException'{0x00000000d57fdbd8}> (0x00000000d57fdbd8) 
thrown [s\src\hotspot\share\prims\jni.cpp, line 520]
Event: 81043.713 Thread 0x000001b38983a0d0 Implicit null exception at 0x000001b3adaa1211 to 0x000001b3adaa14a0
Event: 81043.744 Thread 0x000001b38983a0d0 Exception <a 'java/lang/NoSuchMethodError'{0x00000000d588e008}: static [J.<clinit>()V> (0x00000000d588e008) 
thrown [s\src\hotspot\share\prims\jni.cpp, line 1111]
Event: 81043.751 Thread 0x000001b38983a0d0 Exception <a 'java/lang/NoSuchMethodError'{0x00000000d58be618}: 'java.lang.Object java.lang.invoke.DirectMethodHandle$Holder.newInvokeSpecial(java.lang.Object, java.lang.Object, java.lang.Object, java.lang.Object, java.lang.Object, java.lang.Object, java.lang.Object, java.lang.Object)'> (0x00000000d58be618) 
thrown [s\src\hotspot\share\interpreter\linkResolver.cpp, line 773]

ZGC Phase Switch (0 events):
No events

VM Operations (20 events):
Event: 81516.963 Executing VM operation: HandshakeAllThreads (HandshakeForDeflation)
Event: 81516.963 Executing VM operation: HandshakeAllThreads (HandshakeForDeflation) done
Event: 81516.963 Executing VM operation: RendezvousGCThreads
Event: 81516.963 Executing VM operation: RendezvousGCThreads done
Event: 81577.018 Executing VM operation: HandshakeAllThreads (HandshakeForDeflation)
Event: 81577.018 Executing VM operation: HandshakeAllThreads (HandshakeForDeflation) done
Event: 81577.018 Executing VM operation: RendezvousGCThreads
Event: 81577.018 Executing VM operation: RendezvousGCThreads done
Event: 81697.353 Executing VM operation: HandshakeAllThreads (HandshakeForDeflation)
Event: 81697.353 Executing VM operation: HandshakeAllThreads (HandshakeForDeflation) done
Event: 81697.353 Executing VM operation: RendezvousGCThreads
Event: 81697.353 Executing VM operation: RendezvousGCThreads done
Event: 81817.670 Executing VM operation: HandshakeAllThreads (HandshakeForDeflation)
Event: 81817.671 Executing VM operation: HandshakeAllThreads (HandshakeForDeflation) done
Event: 81817.671 Executing VM operation: RendezvousGCThreads
Event: 81817.671 Executing VM operation: RendezvousGCThreads done
Event: 81937.932 Executing VM operation: HandshakeAllThreads (HandshakeForDeflation)
Event: 81937.932 Executing VM operation: HandshakeAllThreads (HandshakeForDeflation) done
Event: 81937.932 Executing VM operation: RendezvousGCThreads
Event: 81937.932 Executing VM operation: RendezvousGCThreads done

Memory protections (0 events):
No events

Nmethod flushes (20 events):
Event: 358.697 Thread 0x000001b3a277eb30 flushing osr nmethod 0x000001b3a60aaa10
Event: 358.697 Thread 0x000001b3a277eb30 flushing  nmethod 0x000001b3a60c0490
Event: 358.697 Thread 0x000001b3a277eb30 flushing osr nmethod 0x000001b3a60d4d10
Event: 358.697 Thread 0x000001b3a277eb30 flushing  nmethod 0x000001b3a60e0910
Event: 358.697 Thread 0x000001b3a277eb30 flushing  nmethod 0x000001b3a60fb010
Event: 358.697 Thread 0x000001b3a277eb30 flushing  nmethod 0x000001b3a6118f90
Event: 358.697 Thread 0x000001b3a277eb30 flushing  nmethod 0x000001b3a6119690
Event: 358.697 Thread 0x000001b3a277eb30 flushing  nmethod 0x000001b3a6119c90
Event: 358.697 Thread 0x000001b3a277eb30 flushing  nmethod 0x000001b3a611d510
Event: 358.697 Thread 0x000001b3a277eb30 flushing  nmethod 0x000001b3a611e290
Event: 358.697 Thread 0x000001b3a277eb30 flushing  nmethod 0x000001b3a6120290
Event: 358.697 Thread 0x000001b3a277eb30 flushing  nmethod 0x000001b3a612bf90
Event: 358.697 Thread 0x000001b3a277eb30 flushing  nmethod 0x000001b3a613f190
Event: 358.697 Thread 0x000001b3a277eb30 flushing  nmethod 0x000001b3a616ac90
Event: 358.697 Thread 0x000001b3a277eb30 flushing osr nmethod 0x000001b3a6197610
Event: 358.697 Thread 0x000001b3a277eb30 flushing  nmethod 0x000001b3a61ae810
Event: 358.697 Thread 0x000001b3a277eb30 flushing  nmethod 0x000001b3a61bfe10
Event: 358.697 Thread 0x000001b3a277eb30 flushing  nmethod 0x000001b3a61c3390
Event: 358.697 Thread 0x000001b3a277eb30 flushing  nmethod 0x000001b3a61c5c90
Event: 358.697 Thread 0x000001b3a277eb30 flushing  nmethod 0x000001b3a61e3890

Events (20 events):
Event: 80744.526 Thread 0x000001b3898372e0 Thread added: 0x000001b389838000
Event: 80744.526 Thread 0x000001b3898372e0 Thread added: 0x000001b38983b480
Event: 80744.577 Thread 0x000001b3a2677450 Thread added: 0x000001b387e50b50
Event: 80744.671 Thread 0x000001b38983b480 Thread exited: 0x000001b38983b480
Event: 80744.671 Thread 0x000001b389838000 Thread exited: 0x000001b389838000
Event: 80744.671 Thread 0x000001b389837970 Thread exited: 0x000001b389837970
Event: 80744.671 Thread 0x000001b38983adf0 Thread exited: 0x000001b38983adf0
Event: 80744.671 Thread 0x000001b38983a0d0 Thread exited: 0x000001b38983a0d0
Event: 80744.898 Thread 0x000001b384c48460 Thread added: 0x000001b38983a0d0
Event: 80745.407 Thread 0x000001b387e50b50 Thread exited: 0x000001b387e50b50
Event: 80802.588 Thread 0x000001b389838d20 Thread exited: 0x000001b389838d20
Event: 80804.913 Thread 0x000001b3898372e0 Thread exited: 0x000001b3898372e0
Event: 80805.907 Thread 0x000001b384c48460 Thread exited: 0x000001b384c48460
Event: 80862.602 Thread 0x000001b3898393b0 Thread exited: 0x000001b3898393b0
Event: 81043.678 Thread 0x000001b38983a0d0 Thread added: 0x000001b389838000
Event: 81043.698 Thread 0x000001b389838000 Thread exited: 0x000001b389838000
Event: 81043.715 Thread 0x000001b38983a0d0 Thread added: 0x000001b3898372e0
Event: 81043.716 Thread 0x000001b3898372e0 Thread exited: 0x000001b3898372e0
Event: 81043.748 Thread 0x000001b3a265f740 Thread added: 0x000001b387e50480
Event: 81043.874 Thread 0x000001b387e50480 Thread exited: 0x000001b387e50480


Dynamic libraries:
0x00007ff7ce5e0000 - 0x00007ff7ce5ee000 	c:\Users\lucas\.trae\extensions\redhat.java-1.50.0-win32-x64\jre\21.0.9-win32-x86_64\bin\java.exe
0x00007ffabf500000 - 0x00007ffabf768000 	C:\WINDOWS\SYSTEM32\ntdll.dll
0x00007ffabdfe0000 - 0x00007ffabe0a9000 	C:\WINDOWS\System32\KERNEL32.DLL
0x00007ffabced0000 - 0x00007ffabd2c2000 	C:\WINDOWS\System32\KERNELBASE.dll
0x00007ffabca40000 - 0x00007ffabcb8b000 	C:\WINDOWS\System32\ucrtbase.dll
0x00007ffaa9e20000 - 0x00007ffaa9e38000 	c:\Users\lucas\.trae\extensions\redhat.java-1.50.0-win32-x64\jre\21.0.9-win32-x86_64\bin\jli.dll
0x00007ffabe0b0000 - 0x00007ffabe275000 	C:\WINDOWS\System32\USER32.dll
0x00007ffabc690000 - 0x00007ffabc6b7000 	C:\WINDOWS\System32\win32u.dll
0x00007ffabd5f0000 - 0x00007ffabd61b000 	C:\WINDOWS\System32\GDI32.dll
0x00007ffabcc30000 - 0x00007ffabcd5d000 	C:\WINDOWS\System32\gdi32full.dll
0x00007ffabc6c0000 - 0x00007ffabc763000 	C:\WINDOWS\System32\msvcp_win.dll
0x00007ffaa9e40000 - 0x00007ffaa9e5e000 	c:\Users\lucas\.trae\extensions\redhat.java-1.50.0-win32-x64\jre\21.0.9-win32-x86_64\bin\VCRUNTIME140.dll
0x00007ffaa7b10000 - 0x00007ffaa7da3000 	C:\WINDOWS\WinSxS\amd64_microsoft.windows.common-controls_6595b64144ccf1df_6.0.26100.6899_none_3e0efeeae32e88c1\COMCTL32.dll
0x00007ffabd8d0000 - 0x00007ffabd979000 	C:\WINDOWS\System32\msvcrt.dll
0x00007ffabeb80000 - 0x00007ffabebaf000 	C:\WINDOWS\System32\IMM32.DLL
0x00007ffab8f30000 - 0x00007ffab8f3c000 	c:\Users\lucas\.trae\extensions\redhat.java-1.50.0-win32-x64\jre\21.0.9-win32-x86_64\bin\vcruntime140_1.dll
0x00007ffa8e1e0000 - 0x00007ffa8e26d000 	c:\Users\lucas\.trae\extensions\redhat.java-1.50.0-win32-x64\jre\21.0.9-win32-x86_64\bin\msvcp140.dll
0x00007ff9f43e0000 - 0x00007ff9f5180000 	c:\Users\lucas\.trae\extensions\redhat.java-1.50.0-win32-x64\jre\21.0.9-win32-x86_64\bin\server\jvm.dll
0x00007ffabd430000 - 0x00007ffabd4e4000 	C:\WINDOWS\System32\ADVAPI32.dll
0x00007ffabd980000 - 0x00007ffabda26000 	C:\WINDOWS\System32\sechost.dll
0x00007ffabda30000 - 0x00007ffabdb48000 	C:\WINDOWS\System32\RPCRT4.dll
0x00007ffabdbe0000 - 0x00007ffabdc54000 	C:\WINDOWS\System32\WS2_32.dll
0x00007ffabc4f0000 - 0x00007ffabc54e000 	C:\WINDOWS\SYSTEM32\POWRPROF.dll
0x00007ffaa9810000 - 0x00007ffaa9845000 	C:\WINDOWS\SYSTEM32\WINMM.dll
0x00007ffabb0c0000 - 0x00007ffabb0cb000 	C:\WINDOWS\SYSTEM32\VERSION.dll
0x00007ffabc4d0000 - 0x00007ffabc4e4000 	C:\WINDOWS\SYSTEM32\UMPDC.dll
0x00007ffabb460000 - 0x00007ffabb47b000 	C:\WINDOWS\SYSTEM32\kernel.appcore.dll
0x00007ffaad4f0000 - 0x00007ffaad4fa000 	c:\Users\lucas\.trae\extensions\redhat.java-1.50.0-win32-x64\jre\21.0.9-win32-x86_64\bin\jimage.dll
0x00007ffab9c90000 - 0x00007ffab9ed2000 	C:\WINDOWS\SYSTEM32\DBGHELP.DLL
0x00007ffabdc60000 - 0x00007ffabdfdb000 	C:\WINDOWS\System32\combase.dll
0x00007ffabd7d0000 - 0x00007ffabd8a7000 	C:\WINDOWS\System32\OLEAUT32.dll
0x00007ffaa0b10000 - 0x00007ffaa0b4c000 	C:\WINDOWS\SYSTEM32\dbgcore.DLL
0x00007ffabcb90000 - 0x00007ffabcc28000 	C:\WINDOWS\System32\bcryptPrimitives.dll
0x00007ffaaa2d0000 - 0x00007ffaaa2df000 	c:\Users\lucas\.trae\extensions\redhat.java-1.50.0-win32-x64\jre\21.0.9-win32-x86_64\bin\instrument.dll
0x00007ffaa9b10000 - 0x00007ffaa9b30000 	c:\Users\lucas\.trae\extensions\redhat.java-1.50.0-win32-x64\jre\21.0.9-win32-x86_64\bin\java.dll
0x00007ffabed70000 - 0x00007ffabf4bd000 	C:\WINDOWS\System32\SHELL32.dll
0x00007ffabcd60000 - 0x00007ffabcecb000 	C:\WINDOWS\System32\wintypes.dll
0x00007ffaba830000 - 0x00007ffabb08d000 	C:\WINDOWS\SYSTEM32\windows.storage.dll
0x00007ffabd4f0000 - 0x00007ffabd5e2000 	C:\WINDOWS\System32\SHCORE.dll
0x00007ffabd620000 - 0x00007ffabd682000 	C:\WINDOWS\System32\shlwapi.dll
0x00007ffabc5b0000 - 0x00007ffabc5d9000 	C:\WINDOWS\SYSTEM32\profapi.dll
0x00007ffaa9a70000 - 0x00007ffaa9a88000 	c:\Users\lucas\.trae\extensions\redhat.java-1.50.0-win32-x64\jre\21.0.9-win32-x86_64\bin\zip.dll
0x00007ffaaa1c0000 - 0x00007ffaaa1d0000 	C:\Users\lucas\.trae\extensions\redhat.java-1.50.0-win32-x64\jre\21.0.9-win32-x86_64\bin\net.dll
0x00007ffab12f0000 - 0x00007ffab140f000 	C:\WINDOWS\SYSTEM32\WINHTTP.dll
0x00007ffabb9d0000 - 0x00007ffabba3b000 	C:\WINDOWS\system32\mswsock.dll
0x00007ffaa9af0000 - 0x00007ffaa9b06000 	C:\Users\lucas\.trae\extensions\redhat.java-1.50.0-win32-x64\jre\21.0.9-win32-x86_64\bin\nio.dll
0x00007ffaa9dc0000 - 0x00007ffaa9dd0000 	c:\Users\lucas\.trae\extensions\redhat.java-1.50.0-win32-x64\jre\21.0.9-win32-x86_64\bin\verify.dll
0x00007ffa93540000 - 0x00007ffa93584000 	C:\Users\lucas\AppData\Roaming\Trae\User\globalStorage\redhat.java\1.50.0\config_win\org.eclipse.equinox.launcher\org.eclipse.equinox.launcher.win32.win32.x86_64_1.2.1400.v20250801-0854\eclipse_11916.dll
0x00007ffabe8f0000 - 0x00007ffabea88000 	C:\WINDOWS\System32\ole32.dll
0x00007ffabbc80000 - 0x00007ffabbc9b000 	C:\WINDOWS\SYSTEM32\CRYPTSP.dll
0x00007ffabb3c0000 - 0x00007ffabb3fb000 	C:\WINDOWS\system32\rsaenh.dll
0x00007ffabba70000 - 0x00007ffabba9b000 	C:\WINDOWS\SYSTEM32\USERENV.dll
0x00007ffabc580000 - 0x00007ffabc5a6000 	C:\WINDOWS\SYSTEM32\bcrypt.dll
0x00007ffabbca0000 - 0x00007ffabbcac000 	C:\WINDOWS\SYSTEM32\CRYPTBASE.dll
0x00007ffaba530000 - 0x00007ffaba564000 	C:\WINDOWS\SYSTEM32\IPHLPAPI.DLL
0x00007ffabd690000 - 0x00007ffabd69a000 	C:\WINDOWS\System32\NSI.dll
0x00007ffa8dfc0000 - 0x00007ffa8e009000 	C:\Users\lucas\AppData\Local\Temp\jna-103324076\jna8410362772026112059.dll
0x00007ffabeb70000 - 0x00007ffabeb78000 	C:\WINDOWS\System32\PSAPI.DLL
0x00007ffab6a70000 - 0x00007ffab6a8e000 	C:\WINDOWS\SYSTEM32\dhcpcsvc6.DLL
0x00007ffab69e0000 - 0x00007ffab6a03000 	C:\WINDOWS\SYSTEM32\dhcpcsvc.DLL

JVMTI agents:
c:\Users\lucas\.trae\extensions\redhat.java-1.50.0-win32-x64\lombok\lombok-1.18.39-4050.jar path:c:\Users\lucas\.trae\extensions\redhat.java-1.50.0-win32-x64\jre\21.0.9-win32-x86_64\bin\instrument.dll, loaded, initialized, instrumentlib options:none

dbghelp: loaded successfully - version: 4.0.5 - missing functions: none
symbol engine: initialized successfully - sym options: 0x614 - pdb path: .;c:\Users\lucas\.trae\extensions\redhat.java-1.50.0-win32-x64\jre\21.0.9-win32-x86_64\bin;C:\WINDOWS\SYSTEM32;C:\WINDOWS\WinSxS\amd64_microsoft.windows.common-controls_6595b64144ccf1df_6.0.26100.6899_none_3e0efeeae32e88c1;c:\Users\lucas\.trae\extensions\redhat.java-1.50.0-win32-x64\jre\21.0.9-win32-x86_64\bin\server;C:\Users\lucas\AppData\Roaming\Trae\User\globalStorage\redhat.java\1.50.0\config_win\org.eclipse.equinox.launcher\org.eclipse.equinox.launcher.win32.win32.x86_64_1.2.1400.v20250801-0854;C:\Users\lucas\AppData\Local\Temp\jna-103324076

VM Arguments:
jvm_args: --add-modules=ALL-SYSTEM --add-opens=java.base/java.util=ALL-UNNAMED --add-opens=java.base/java.lang=ALL-UNNAMED --add-opens=java.base/sun.nio.fs=ALL-UNNAMED -Declipse.application=org.eclipse.jdt.ls.core.id1 -Dosgi.bundles.defaultStartLevel=4 -Declipse.product=org.eclipse.jdt.ls.core.product -Djava.import.generatesMetadataFilesAtProjectRoot=false -DDetectVMInstallationsJob.disabled=true -Dfile.encoding=utf8 -XX:+UseParallelGC -XX:GCTimeRatio=4 -XX:AdaptiveSizePolicyWeight=90 -Dsun.zip.disableMemoryMapping=true -Xmx2G -Xms100m -Xlog:disable -javaagent:c:\Users\lucas\.trae\extensions\redhat.java-1.50.0-win32-x64\lombok\lombok-1.18.39-4050.jar -XX:+HeapDumpOnOutOfMemoryError -XX:HeapDumpPath=c:\Users\lucas\AppData\Roaming\Trae\User\workspaceStorage\eb99a0e48f21498f8cfae61c13452ea0\redhat.java -Daether.dependencyCollector.impl=bf 
java_command: c:\Users\lucas\.trae\extensions\redhat.java-1.50.0-win32-x64\server\plugins\org.eclipse.equinox.launcher_1.7.100.v20251111-0406.jar -configuration c:\Users\lucas\AppData\Roaming\Trae\User\globalStorage\redhat.java\1.50.0\config_win -data c:\Users\lucas\AppData\Roaming\Trae\User\workspaceStorage\eb99a0e48f21498f8cfae61c13452ea0\redhat.java\jdt_ws --pipe=\\.\pipe\lsp-4a192e2ddcb0d6ebb9abd08c459cf8dd-sock
java_class_path (initial): c:\Users\lucas\.trae\extensions\redhat.java-1.50.0-win32-x64\server\plugins\org.eclipse.equinox.launcher_1.7.100.v20251111-0406.jar
Launcher Type: SUN_STANDARD

[Global flags]
    uintx AdaptiveSizePolicyWeight                 = 90                                        {product} {command line}
     intx CICompilerCount                          = 4                                         {product} {ergonomic}
    uintx GCTimeRatio                              = 4                                         {product} {command line}
     bool HeapDumpOnOutOfMemoryError               = true                                   {manageable} {command line}
    ccstr HeapDumpPath                             = c:\Users\lucas\AppData\Roaming\Trae\User\workspaceStorage\eb99a0e48f21498f8cfae61c13452ea0\redhat.java         {manageable} {command line}
   size_t InitialHeapSize                          = 104857600                                 {product} {command line}
   size_t MaxHeapSize                              = 2147483648                                {product} {command line}
   size_t MaxNewSize                               = 715653120                                 {product} {ergonomic}
   size_t MinHeapDeltaBytes                        = 524288                                    {product} {ergonomic}
   size_t MinHeapSize                              = 104857600                                 {product} {command line}
   size_t NewSize                                  = 34603008                                  {product} {ergonomic}
    uintx NonNMethodCodeHeapSize                   = 5839372                                {pd product} {ergonomic}
    uintx NonProfiledCodeHeapSize                  = 122909434                              {pd product} {ergonomic}
   size_t OldSize                                  = 70254592                                  {product} {ergonomic}
    uintx ProfiledCodeHeapSize                     = 122909434                              {pd product} {ergonomic}
    uintx ReservedCodeCacheSize                    = 251658240                              {pd product} {ergonomic}
     bool SegmentedCodeCache                       = true                                      {product} {ergonomic}
   size_t SoftMaxHeapSize                          = 2147483648                             {manageable} {ergonomic}
     bool UseCompressedOops                        = true                           {product lp64_product} {ergonomic}
     bool UseLargePagesIndividualAllocation        = false                                  {pd product} {ergonomic}
     bool UseParallelGC                            = true                                      {product} {command line}

Logging:
Log output configuration:
 #0: stdout all=off uptime,level,tags foldmultilines=false
 #1: stderr all=off uptime,level,tags foldmultilines=false

Release file:
JAVA_VERSION="21.0.9" 
MODULES="java.base java.compiler java.datatransfer java.xml java.prefs java.desktop java.instrument java.logging java.management java.security.sasl java.naming java.rmi java.management.rmi java.net.http java.scripting java.security.jgss java.transaction.xa java.sql java.sql.rowset java.xml.crypto java.se java.smartcardio jdk.accessibility jdk.internal.jvmstat jdk.attach jdk.charsets jdk.internal.opt jdk.zipfs jdk.compiler jdk.crypto.ec jdk.crypto.cryptoki jdk.crypto.mscapi jdk.dynalink jdk.internal.ed jdk.editpad jdk.hotspot.agent jdk.httpserver jdk.internal.le jdk.internal.vm.ci jdk.internal.vm.compiler jdk.internal.vm.compiler.management jdk.jartool jdk.javadoc jdk.jcmd jdk.management jdk.management.agent jdk.jconsole jdk.jdeps jdk.jdwp.agent jdk.jdi jdk.jfr jdk.jshell jdk.jsobject jdk.jstatd jdk.localedata jdk.management.jfr jdk.naming.dns jdk.naming.rmi jdk.net jdk.nio.mapmode jdk.random jdk.sctp jdk.security.auth jdk.security.jgss jdk.unsupported jdk.unsupported.desktop jdk.xml.dom" 

Environment Variables:
JAVA_HOME=C:\Program Files\Java\jdk-21
PATH=C:\Users\lucas\.trae\tools\gradle\latest\bin;C:\Program Files\Java\jdk-21\bin;C:\Users\lucas\.trae\tools\maven\latest\bin;C:\Program Files\Common Files\Oracle\Java\javapath;C:\Program Files\Java\jdk-21\bin;C:\Windows\System32;C:\Program Files (x86)\Microsoft SQL Server\150\Tools\Binn\;C:\Program Files\Microsoft SQL Server\150\Tools\Binn\;C:\Program Files\Microsoft SQL Server\150\DTS\Binn\;C:\Program Files (x86)\Microsoft SQL Server\160\DTS\Binn\;C:\Program Files\nodejs\;C:\Program Files\Git\cmd;C:\Program Files\Docker\Docker\resources\bin;C:\Users\lucas\AppData\Local\Microsoft\WindowsApps;C:\Users\lucas\.dotnet\tools;C:\Program Files\Azure Data Studio\bin;C:\Users\lucas\AppData\Local\Programs\Microsoft VS Code\bin;C:\Users\lucas\AppData\Local\GitHubDesktop\bin;C:\Users\lucas\AppData\Local\Programs\Windsurf\bin;C:\Users\lucas\AppData\Roaming\npm;c:\Users\lucas\AppData\Local\Programs\Trae\resources\app\bin\lib
USERNAME=lucas
OS=Windows_NT
PROCESSOR_IDENTIFIER=Intel64 Family 6 Model 140 Stepping 1, GenuineIntel
TMP=C:\Users\lucas\AppData\Local\Temp
TEMP=C:\Users\lucas\AppData\Local\Temp




Periodic native trim disabled

---------------  S Y S T E M  ---------------

OS:
 Windows 11 , 64 bit Build 26100 (10.0.26100.6725)
OS uptime: 3 days 1:11 hours
Hyper-V role detected

CPU: total 8 (initial active 8) (4 cores per cpu, 2 threads per core) family 6 model 140 stepping 1 microcode 0x8a, cx8, cmov, fxsr, ht, mmx, 3dnowpref, sse, sse2, sse3, ssse3, sse4.1, sse4.2, popcnt, lzcnt, tsc, tscinvbit, avx, avx2, aes, erms, clmul, bmi1, bmi2, adx, avx512f, avx512dq, avx512cd, avx512bw, avx512vl, sha, fma, vzeroupper, avx512_vpopcntdq, avx512_vpclmulqdq, avx512_vaes, avx512_vnni, clflush, clflushopt, clwb, avx512_vbmi2, avx512_vbmi, hv, rdtscp, rdpid, fsrm, gfni, avx512_bitalg, f16c, cet_ibt, cet_ss, avx512_ifma
Processor Information for the first 8 processors :
  Max Mhz: 2803, Current Mhz: 2803, Mhz Limit: 2803

Memory: 4k page, system-wide physical 16107M (2698M free)
TotalPageFile size 20171M (AvailPageFile size 0M)
current process WorkingSet (physical memory assigned to process): 301M, peak: 433M
current process commit charge ("private bytes"): 586M, peak: 614M

vm_info: OpenJDK 64-Bit Server VM (21.0.9+10-LTS) for windows-amd64 JRE (21.0.9+10-LTS), built on 2025-10-21T00:00:00Z by "admin" with unknown MS VC++:1942

END.
